<?xml version="1.0" encoding="utf-8"?><testsuites name="pytest tests"><testsuite name="pytest" errors="0" failures="0" skipped="0" tests="33" time="13.894" timestamp="2026-05-12T17:08:57.313482+00:00" hostname="agent-env-cb77fb79-f598-44d3-8b0b-1dc9e9513ee7"><testcase classname="backend.tests.test_subscription_new.TestSubscriptionPlans" name="test_get_plans_public_no_auth" time="0.221" /><testcase classname="backend.tests.test_subscription_new.TestSubscriptionMe" name="test_me_requires_auth" time="0.144" /><testcase classname="backend.tests.test_subscription_new.TestSubscriptionMe" name="test_me_admin_returns_business" time="0.448" /><testcase classname="backend.tests.test_subscription_new.TestSubscriptionCheckout" name="test_checkout_starter" time="1.014" /><testcase classname="backend.tests.test_subscription_new.TestSubscriptionCheckout" name="test_checkout_invalid_plan" time="0.117" /><testcase classname="backend.tests.test_subscription_new.TestAvailability" name="test_availability_returns_properties" time="0.065" /><testcase classname="backend.tests.test_subscription_new.TestProperties" name="test_list_properties" time="0.063" /><testcase classname="backend.tests.test_subscription_new.TestProperties" name="test_create_property_admin_unlimited" time="0.235" /><testcase classname="backend.tests.test_subscription_new.TestAccountingServices" name="test_create_accounting_with_services" time="0.192" /><testcase classname="backend.tests.test_subscription_new.TestAccountingServices" name="test_create_accounting_without_services" time="0.130" /><testcase classname="backend.tests.backend_test.TestAuth" name="test_login_admin" time="0.402" /><testcase classname="backend.tests.backend_test.TestAuth" name="test_login_rezeption" time="0.432" /><testcase classname="backend.tests.backend_test.TestAuth" name="test_login_buchhaltung" time="0.364" /><testcase classname="backend.tests.backend_test.TestAuth" name="test_login_invalid" time="0.400" /><testcase classname="backend.tests.backend_test.TestAuth" name="test_me_unauthenticated" time="0.155" /><testcase classname="backend.tests.backend_test.TestAuth" name="test_me_authenticated" time="0.459" /><testcase classname="backend.tests.backend_test.TestDashboard" name="test_dashboard_stats" time="0.516" /><testcase classname="backend.tests.backend_test.TestBookings" name="test_create_booking" time="0.638" /><testcase classname="backend.tests.backend_test.TestBookings" name="test_get_bookings" time="0.514" /><testcase classname="backend.tests.backend_test.TestBookings" name="test_get_booking_by_id" time="0.449" /><testcase classname="backend.tests.backend_test.TestBookings" name="test_update_booking" time="0.426" /><testcase classname="backend.tests.backend_test.TestBookings" name="test_check_in" time="0.431" /><testcase classname="backend.tests.backend_test.TestBookings" name="test_check_out_creates_accounting" time="0.514" /><testcase classname="backend.tests.backend_test.TestBookings" name="test_delete_booking" time="0.501" /><testcase classname="backend.tests.backend_test.TestAccounting" name="test_rezeption_cannot_access" time="0.436" /><testcase classname="backend.tests.backend_test.TestAccounting" name="test_buchhaltung_can_access" time="0.434" /><testcase classname="backend.tests.backend_test.TestAccounting" name="test_create_expense" time="0.448" /><testcase classname="backend.tests.backend_test.TestAccounting" name="test_update_entry" time="0.456" /><testcase classname="backend.tests.backend_test.TestAccounting" name="test_rezeption_cannot_create" time="0.469" /><testcase classname="backend.tests.backend_test.TestAccounting" name="test_export" time="0.440" /><testcase classname="backend.tests.backend_test.TestAccounting" name="test_delete_entry" time="0.458" /><testcase classname="backend.tests.backend_test.TestIdScan" name="test_scan_id_requires_auth" time="0.133" /><testcase classname="backend.tests.backend_test.TestIdScan" name="test_scan_id_with_image" time="1.683" /></testsuite></testsuites>