<?xml version="1.0" encoding="utf-8"?><testsuites name="pytest tests"><testsuite name="pytest" errors="0" failures="0" skipped="0" tests="19" time="9.550" timestamp="2026-05-17T12:34:07.036075+00:00" hostname="agent-env-cb77fb79-f598-44d3-8b0b-1dc9e9513ee7"><testcase classname="backend.tests.test_multitenant.TestMasterAdmin" name="test_master_admin_login" time="0.579" /><testcase classname="backend.tests.test_multitenant.TestMasterAdmin" name="test_master_admin_subscription_business" time="0.389" /><testcase classname="backend.tests.test_multitenant.TestSignup" name="test_signup_creates_account_and_user" time="0.387" /><testcase classname="backend.tests.test_multitenant.TestSignup" name="test_signup_login_works" time="0.693" /><testcase classname="backend.tests.test_multitenant.TestSignup" name="test_signup_duplicate_rejected" time="0.436" /><testcase classname="backend.tests.test_multitenant.TestSignup" name="test_signup_short_password_rejected" time="0.112" /><testcase classname="backend.tests.test_multitenant.TestSignup" name="test_signup_subscription_is_trial" time="0.374" /><testcase classname="backend.tests.test_multitenant.TestAccount" name="test_account_me_returns_settings" time="0.426" /><testcase classname="backend.tests.test_multitenant.TestAccount" name="test_account_settings_patch_persists" time="0.456" /><testcase classname="backend.tests.test_multitenant.TestAccount" name="test_account_settings_non_admin_forbidden" time="0.380" /><testcase classname="backend.tests.test_multitenant.TestAccount" name="test_account_settings_buchhaltung_forbidden" time="0.407" /><testcase classname="backend.tests.test_multitenant.TestTenantIsolation" name="test_properties_isolated_between_tenants" time="0.857" /><testcase classname="backend.tests.test_multitenant.TestTenantIsolation" name="test_bookings_isolated_between_tenants" time="0.920" /><testcase classname="backend.tests.test_multitenant.TestTenantIsolation" name="test_dashboard_stats_isolated" time="0.429" /><testcase classname="backend.tests.test_multitenant.TestOptionalPrice" name="test_create_booking_without_price" time="0.375" /><testcase classname="backend.tests.test_multitenant.TestUpcomingCheckins" name="test_upcoming_endpoint_exists_and_sorted" time="0.503" /><testcase classname="backend.tests.test_multitenant.TestInvoicePdf" name="test_invoice_pdf_generated" time="0.652" /><testcase classname="backend.tests.test_multitenant.TestInvoicePdf" name="test_invoice_with_null_price_uses_note" time="0.432" /><testcase classname="backend.tests.test_multitenant.TestPropertyLimits" name="test_master_admin_unlimited" time="0.655" /></testsuite></testsuites>