<?xml version="1.0" encoding="utf-8"?><testsuites name="pytest tests"><testsuite name="pytest" errors="0" failures="0" skipped="0" tests="23" time="9.734" timestamp="2026-05-03T16:40:49.905990+00:00" hostname="agent-env-cb77fb79-f598-44d3-8b0b-1dc9e9513ee7"><testcase classname="backend.tests.backend_test.TestAuth" name="test_login_admin" time="0.522" /><testcase classname="backend.tests.backend_test.TestAuth" name="test_login_rezeption" time="0.364" /><testcase classname="backend.tests.backend_test.TestAuth" name="test_login_buchhaltung" time="0.363" /><testcase classname="backend.tests.backend_test.TestAuth" name="test_login_invalid" time="0.328" /><testcase classname="backend.tests.backend_test.TestAuth" name="test_me_unauthenticated" time="0.112" /><testcase classname="backend.tests.backend_test.TestAuth" name="test_me_authenticated" time="0.379" /><testcase classname="backend.tests.backend_test.TestDashboard" name="test_dashboard_stats" time="0.393" /><testcase classname="backend.tests.backend_test.TestBookings" name="test_create_booking" time="0.406" /><testcase classname="backend.tests.backend_test.TestBookings" name="test_get_bookings" time="0.415" /><testcase classname="backend.tests.backend_test.TestBookings" name="test_get_booking_by_id" time="0.377" /><testcase classname="backend.tests.backend_test.TestBookings" name="test_update_booking" time="0.426" /><testcase classname="backend.tests.backend_test.TestBookings" name="test_check_in" time="0.378" /><testcase classname="backend.tests.backend_test.TestBookings" name="test_check_out_creates_accounting" time="0.434" /><testcase classname="backend.tests.backend_test.TestBookings" name="test_delete_booking" time="0.434" /><testcase classname="backend.tests.backend_test.TestAccounting" name="test_rezeption_cannot_access" time="0.406" /><testcase classname="backend.tests.backend_test.TestAccounting" name="test_buchhaltung_can_access" time="0.382" /><testcase classname="backend.tests.backend_test.TestAccounting" name="test_create_expense" time="0.400" /><testcase classname="backend.tests.backend_test.TestAccounting" name="test_update_entry" time="0.377" /><testcase classname="backend.tests.backend_test.TestAccounting" name="test_rezeption_cannot_create" time="0.423" /><testcase classname="backend.tests.backend_test.TestAccounting" name="test_export" time="0.373" /><testcase classname="backend.tests.backend_test.TestAccounting" name="test_delete_entry" time="0.413" /><testcase classname="backend.tests.backend_test.TestIdScan" name="test_scan_id_requires_auth" time="0.144" /><testcase classname="backend.tests.backend_test.TestIdScan" name="test_scan_id_with_image" time="1.325" /></testsuite></testsuites>